<?xml version="1.0" encoding="UTF-8"?>
<!-- Generated by org.testng.reporters.JUnitReportReporter -->
<testsuite skipped="1" hostname="Rehan-PC" name="com.qa.util.AnotherUtil" tests="1" failures="0" timestamp="31 Mar 2019 19:07:13 GMT" time="0.000" errors="0">
  <testcase name="doLogin" time="0.000" classname="com.qa.util.AnotherUtil">
    <skipped/>
  </testcase> <!-- doLogin -->
</testsuite> <!-- com.qa.util.AnotherUtil -->
